\BOOKMARK [0][-]{chapter.1}{Spickzettel}{}
\BOOKMARK [1][-]{section.1.1}{Zahlenbereiche}{chapter.1}
\BOOKMARK [1][-]{section.1.2}{Mengen}{chapter.1}
\BOOKMARK [1][-]{section.1.3}{Intervalle}{chapter.1}
\BOOKMARK [1][-]{section.1.4}{Abk\374rzungen und Vokabeln}{chapter.1}
\BOOKMARK [0][-]{chapter.2}{Basismathematik}{}
\BOOKMARK [1][-]{section.2.1}{Bruchrechnung}{chapter.2}
\BOOKMARK [1][-]{section.2.2}{Potenzen}{chapter.2}
\BOOKMARK [1][-]{section.2.3}{Binomische Formeln}{chapter.2}
\BOOKMARK [1][-]{section.2.4}{Polynomdivision}{chapter.2}
\BOOKMARK [0][-]{chapter.3}{Quadratische Gleichungen}{}
\BOOKMARK [1][-]{section.3.1}{Definition}{chapter.3}
\BOOKMARK [1][-]{section.3.2}{L\366sen quadratischer Gleichungen}{chapter.3}
\BOOKMARK [1][-]{section.3.3}{Beispiele}{chapter.3}
\BOOKMARK [1][-]{section.3.4}{Aufgaben}{chapter.3}
\BOOKMARK [0][-]{chapter.4}{Lineare Gleichungssysteme}{}
\BOOKMARK [1][-]{section.4.1}{Definition}{chapter.4}
\BOOKMARK [1][-]{section.4.2}{Lineare Abh\344ngigkeit}{chapter.4}
\BOOKMARK [1][-]{section.4.3}{L\366sbarkeit}{chapter.4}
\BOOKMARK [1][-]{section.4.4}{L\366sungsverfahren}{chapter.4}
\BOOKMARK [1][-]{section.4.5}{Beispiele}{chapter.4}
\BOOKMARK [1][-]{section.4.6}{Literatur}{chapter.4}
\BOOKMARK [1][-]{section.4.7}{Aufgaben}{chapter.4}
\BOOKMARK [0][-]{chapter.5}{Betrag, Ungleichungen, Kreis}{}
\BOOKMARK [1][-]{section.5.1}{Betrag}{chapter.5}
\BOOKMARK [1][-]{section.5.2}{Rund um den Kreis}{chapter.5}
\BOOKMARK [1][-]{section.5.3}{Ungleichungen}{chapter.5}
\BOOKMARK [0][-]{chapter.6}{Vollst\344ndige Induktion}{}
\BOOKMARK [1][-]{section.6.1}{Prinzip}{chapter.6}
\BOOKMARK [1][-]{section.6.2}{Einschub: Das Summen- und Produktzeichen}{chapter.6}
\BOOKMARK [1][-]{section.6.3}{Beispielaufgabe}{chapter.6}
\BOOKMARK [1][-]{section.6.4}{Literatur}{chapter.6}
\BOOKMARK [1][-]{section.6.5}{Aufgaben}{chapter.6}
\BOOKMARK [0][-]{chapter.7}{Funktionen}{}
\BOOKMARK [1][-]{section.7.1}{Trigonometrische Funktionen}{chapter.7}
\BOOKMARK [1][-]{section.7.2}{Exponentialfunktionen und Logarithmus}{chapter.7}
\BOOKMARK [1][-]{section.7.3}{Kurvendiskussion}{chapter.7}
\BOOKMARK [0][-]{chapter.8}{Vektoren}{}
\BOOKMARK [1][-]{section.8.1}{Definition}{chapter.8}
\BOOKMARK [1][-]{section.8.2}{Operationen}{chapter.8}
\BOOKMARK [1][-]{section.8.3}{Linearkombination}{chapter.8}
\BOOKMARK [1][-]{section.8.4}{Lineare Abh\344ngigkeit}{chapter.8}
\BOOKMARK [1][-]{section.8.5}{Betrag eines Vektors}{chapter.8}
\BOOKMARK [1][-]{section.8.6}{Skalarprodukt}{chapter.8}
\BOOKMARK [1][-]{section.8.7}{Kreuzprodukt}{chapter.8}
\BOOKMARK [1][-]{section.8.8}{Literatur}{chapter.8}
\BOOKMARK [1][-]{section.8.9}{Aufgaben}{chapter.8}
\BOOKMARK [0][-]{chapter.9}{Komplexe Zahlen}{}
\BOOKMARK [1][-]{section.9.1}{Historie}{chapter.9}
\BOOKMARK [1][-]{section.9.2}{Kartesische Darstellung}{chapter.9}
\BOOKMARK [1][-]{section.9.3}{Rechenoperationen}{chapter.9}
\BOOKMARK [1][-]{section.9.4}{Eulersche Darstellung}{chapter.9}
\BOOKMARK [1][-]{section.9.5}{Umrechnung zwischen kartesischen und Polarkoordinaten}{chapter.9}
\BOOKMARK [1][-]{section.9.6}{Rechnen mit komplexen Zahlen}{chapter.9}
\BOOKMARK [1][-]{section.9.7}{Beispiele}{chapter.9}
\BOOKMARK [1][-]{section.9.8}{\334bungsaufgaben}{chapter.9}
\BOOKMARK [1][-]{section.9.9}{Literatur}{chapter.9}
